Added Parameter Fabricant= to Part BT?
Added Parameter Fabricant= to Part C?
Added Parameter Fabricant= to Part D?
Added Parameter Fabricant= to Part D?
Added Parameter Fabricant= to Part D?
Added Parameter Fabricant= to Part R?
Added Parameter Fabricant= to Part R?
Added Parameter Fabricant= to Part S?
Added Parameter Fournisseur= to Part BT?
Added Parameter Fournisseur= to Part C?
Added Parameter Fournisseur= to Part D?
Added Parameter Fournisseur= to Part D?
Added Parameter Fournisseur= to Part D?
Added Parameter Fournisseur= to Part R?
Added Parameter Fournisseur= to Part R?
Added Parameter Fournisseur= to Part S?
Added Parameter RefFabricant= to Part BT?
Added Parameter RefFabricant= to Part C?
Added Parameter RefFabricant= to Part D?
Added Parameter RefFabricant= to Part D?
Added Parameter RefFabricant= to Part D?
Added Parameter RefFabricant= to Part R?
Added Parameter RefFabricant= to Part R?
Added Parameter RefFabricant= to Part S?
Added Parameter RefFournisseur= to Part BT?
Added Parameter RefFournisseur= to Part C?
Added Parameter RefFournisseur= to Part D?
Added Parameter RefFournisseur= to Part D?
Added Parameter RefFournisseur= to Part D?
Added Parameter RefFournisseur= to Part R?
Added Parameter RefFournisseur= to Part R?
Added Parameter RefFournisseur= to Part S?
