Added Parameter Fabricant=DIODES INC. to Part D9
Added Parameter Fabricant=DIODES INC. to Part D10
Added Parameter Fabricant=MOLEX to Part UART
Added Parameter Fabricant=MULTICOMP to Part S2
Added Parameter Fabricant= to Part S1
Added Parameter Fabricant= to Part U*
Added Parameter Fournisseur=Farnell to Part D9
Added Parameter Fournisseur=Farnell to Part D10
Added Parameter Fournisseur=Farnell to Part S1
Added Parameter Fournisseur=Farnell to Part S2
Added Parameter Fournisseur=Farnell to Part U*
Added Parameter Fournisseur=Farnell to Part UART
Added Parameter RefFabricant=22-27-2041 to Part UART
Added Parameter RefFabricant=MURS140-13-F to Part D9
Added Parameter RefFabricant=MURS140-13-F to Part D10
Added Parameter RefFabricant=R13-509B-05-BR to Part S2
Added Parameter RefFabricant= to Part S1
Added Parameter RefFabricant= to Part U*
Added Parameter RefFournisseur=1634685 to Part S2
Added Parameter RefFournisseur=1858656 to Part D9
Added Parameter RefFournisseur=1858656 to Part D10
Added Parameter RefFournisseur=9731164 to Part UART
Added Parameter RefFournisseur= to Part S1
Added Parameter RefFournisseur= to Part U*
