Added Parameter Fabricant= to Part C?
Added Parameter Fabricant= to Part C?
Added Parameter Fabricant= to Part C?
Added Parameter Fabricant= to Part C?
Added Parameter Fabricant= to Part C?
Added Parameter Fabricant= to Part C?
Added Parameter Fabricant= to Part C?
Added Parameter Fabricant= to Part C?
Added Parameter Fabricant= to Part C?
Added Parameter Fabricant= to Part C?
Added Parameter Fabricant= to Part J?
Added Parameter Fabricant= to Part R1
Added Parameter Fabricant= to Part U?
Added Parameter Fabricant= to Part Y?
Added Parameter Fournisseur= to Part C?
Added Parameter Fournisseur= to Part C?
Added Parameter Fournisseur= to Part C?
Added Parameter Fournisseur= to Part C?
Added Parameter Fournisseur= to Part C?
Added Parameter Fournisseur= to Part C?
Added Parameter Fournisseur= to Part C?
Added Parameter Fournisseur= to Part C?
Added Parameter Fournisseur= to Part C?
Added Parameter Fournisseur= to Part C?
Added Parameter Fournisseur= to Part J?
Added Parameter Fournisseur= to Part R1
Added Parameter Fournisseur= to Part U?
Added Parameter Fournisseur= to Part Y?
Added Parameter RefFabricant= to Part C?
Added Parameter RefFabricant= to Part C?
Added Parameter RefFabricant= to Part C?
Added Parameter RefFabricant= to Part C?
Added Parameter RefFabricant= to Part C?
Added Parameter RefFabricant= to Part C?
Added Parameter RefFabricant= to Part C?
Added Parameter RefFabricant= to Part C?
Added Parameter RefFabricant= to Part C?
Added Parameter RefFabricant= to Part C?
Added Parameter RefFabricant= to Part J?
Added Parameter RefFabricant= to Part R1
Added Parameter RefFabricant= to Part U?
Added Parameter RefFabricant= to Part Y?
Added Parameter RefFournisseur= to Part C?
Added Parameter RefFournisseur= to Part C?
Added Parameter RefFournisseur= to Part C?
Added Parameter RefFournisseur= to Part C?
Added Parameter RefFournisseur= to Part C?
Added Parameter RefFournisseur= to Part C?
Added Parameter RefFournisseur= to Part C?
Added Parameter RefFournisseur= to Part C?
Added Parameter RefFournisseur= to Part C?
Added Parameter RefFournisseur= to Part C?
Added Parameter RefFournisseur= to Part J?
Added Parameter RefFournisseur= to Part R1
Added Parameter RefFournisseur= to Part U?
Added Parameter RefFournisseur= to Part Y?
