Added Parameter Fabricant= to Part C?
Added Parameter Fabricant= to Part C?
Added Parameter Fabricant= to Part C?
Added Parameter Fabricant= to Part C?
Added Parameter Fabricant= to Part FB?
Added Parameter Fabricant= to Part U?
Added Parameter Fournisseur= to Part C?
Added Parameter Fournisseur= to Part C?
Added Parameter Fournisseur= to Part C?
Added Parameter Fournisseur= to Part C?
Added Parameter Fournisseur= to Part FB?
Added Parameter Fournisseur= to Part U?
Added Parameter RefFabricant= to Part C?
Added Parameter RefFabricant= to Part C?
Added Parameter RefFabricant= to Part C?
Added Parameter RefFabricant= to Part C?
Added Parameter RefFabricant= to Part FB?
Added Parameter RefFabricant= to Part U?
Added Parameter RefFournisseur= to Part C?
Added Parameter RefFournisseur= to Part C?
Added Parameter RefFournisseur= to Part C?
Added Parameter RefFournisseur= to Part C?
Added Parameter RefFournisseur= to Part FB?
Added Parameter RefFournisseur= to Part U?
