Added Component: Designator=C1(RAD-0.3)
Added Component: Designator=C2(RAD-0.3)
Added Component: Designator=C3(RAD-0.3)
Added Component: Designator=C4(RAD-0.3)
Added Component: Designator=C5(RAD-0.3)
Added Component: Designator=C6(RAD-0.3)
Added Component: Designator=C7(RAD-0.3)
Added Component: Designator=C8(RAD-0.3)
Added Component: Designator=C9(RAD-0.3)
Added Component: Designator=C10(RAD-0.3)
Added Component: Designator=C11(RAD-0.3)
Added Component: Designator=C12(RAD-0.3)
Added Component: Designator=C13(RAD-0.3)
Added Component: Designator=C14(RAD-0.3)
Added Component: Designator=C15(RAD-0.3)
Added Component: Designator=D1_LED0(LED-0)
Added Component: Designator=D1_LED1(LED-0)
Added Component: Designator=D1_LED2(LED-0)
Added Component: Designator=D1_LED3(LED-0)
Added Component: Designator=D1(SMC)
Added Component: Designator=D2(SMC)
Added Component: Designator=D3(3.2X1.6X1.1)
Added Component: Designator=FB1(0402-A)
Added Component: Designator=P1(HDR1X2)
Added Component: Designator=P2(HDR1X2)
Added Component: Designator=R1_LED0(AXIAL-0.3)
Added Component: Designator=R1_LED1(AXIAL-0.3)
Added Component: Designator=R1_LED2(AXIAL-0.3)
Added Component: Designator=R1_LED3(AXIAL-0.3)
Added Component: Designator=R1(AXIAL-0.3)
Added Component: Designator=R1(AXIAL-0.3)
Added Component: Designator=R2(VR5)
Added Component: Designator=Y1(R38)
Added Pin To Net: NetName=ALIM Pin=D1-1
Added Pin To Net: NetName=ALIM Pin=P1-1
Added Net: Name=ALIM
Added Pin To Net: NetName=BATTERY Pin=D2-1
Added Pin To Net: NetName=BATTERY Pin=P2-1
Added Net: Name=BATTERY
Added Pin To Net: NetName=GND Pin=C1-1
Added Pin To Net: NetName=GND Pin=C2-1
Added Pin To Net: NetName=GND Pin=C3-1
Added Pin To Net: NetName=GND Pin=C4-1
Added Pin To Net: NetName=GND Pin=C5-1
Added Pin To Net: NetName=GND Pin=C6-1
Added Pin To Net: NetName=GND Pin=C7-1
Added Pin To Net: NetName=GND Pin=C8-1
Added Pin To Net: NetName=GND Pin=C9-1
Added Pin To Net: NetName=GND Pin=C10-1
Added Pin To Net: NetName=GND Pin=C11-1
Added Pin To Net: NetName=GND Pin=C12-1
Added Pin To Net: NetName=GND Pin=C13-1
Added Pin To Net: NetName=GND Pin=C14-1
Added Pin To Net: NetName=GND Pin=C15-1
Added Pin To Net: NetName=GND Pin=D1_LED0-2
Added Pin To Net: NetName=GND Pin=D1_LED1-2
Added Pin To Net: NetName=GND Pin=D1_LED2-2
Added Pin To Net: NetName=GND Pin=D1_LED3-2
Added Pin To Net: NetName=GND Pin=D3-2
Added Pin To Net: NetName=GND Pin=P1-2
Added Pin To Net: NetName=GND Pin=P2-2
Added Pin To Net: NetName=GND Pin=R2-3
Added Net: Name=GND
Added Pin To Net: NetName=LED0 Pin=R1_LED0-2
Added Net: Name=LED0
Added Pin To Net: NetName=LED1 Pin=R1_LED1-2
Added Net: Name=LED1
Added Pin To Net: NetName=LED2 Pin=R1_LED2-2
Added Net: Name=LED2
Added Pin To Net: NetName=LED3 Pin=R1_LED3-2
Added Net: Name=LED3
Added Pin To Net: NetName=MCLR Pin=R1-1
Added Net: Name=MCLR
Added Pin To Net: NetName=NetC10_2 Pin=C10-2
Added Pin To Net: NetName=NetC10_2 Pin=C11-2
Added Net: Name=NetC10_2
Added Pin To Net: NetName=NetD3_1 Pin=D3-1
Added Pin To Net: NetName=NetD3_1 Pin=R1-1
Added Net: Name=NetD3_1
Added Pin To Net: NetName=NetR2_2 Pin=R2-2
Added Net: Name=NetR2_2
Added Net: Name=PGC
Added Net: Name=PGD
Added Pin To Net: NetName=V3P3A Pin=C7-2
Added Pin To Net: NetName=V3P3A Pin=C15-2
Added Pin To Net: NetName=V3P3A Pin=FB1-2
Added Pin To Net: NetName=V3P3A Pin=R2-1
Added Net: Name=V3P3A
Added Pin To Net: NetName=V3P3 Pin=C2-2
Added Pin To Net: NetName=V3P3 Pin=C3-2
Added Pin To Net: NetName=V3P3 Pin=C4-2
Added Pin To Net: NetName=V3P3 Pin=C5-2
Added Pin To Net: NetName=V3P3 Pin=C6-2
Added Pin To Net: NetName=V3P3 Pin=C13-2
Added Pin To Net: NetName=V3P3 Pin=C14-2
Added Pin To Net: NetName=V3P3 Pin=FB1-1
Added Pin To Net: NetName=V3P3 Pin=R1-2
Added Net: Name=V3P3
Added Pin To Net: NetName=V5 Pin=C1-2
Added Pin To Net: NetName=V5 Pin=C12-2
Added Pin To Net: NetName=V5 Pin=D1-2
Added Pin To Net: NetName=V5 Pin=D2-2
Added Pin To Net: NetName=V5 Pin=R1-2
Added Net: Name=V5
Added Pin To Net: NetName=X1 Pin=C8-2
Added Pin To Net: NetName=X1 Pin=Y1-2
Added Net: Name=X1
Added Pin To Net: NetName=X2 Pin=C9-2
Added Pin To Net: NetName=X2 Pin=Y1-1
Added Net: Name=X2
Added Class: Name=LED0
Added Class: Name=LED1
Added Class: Name=LED2
Added Class: Name=LED3
Added Class: Name=PIC
Added Class: Name=POWER
Added Class: Name=TP2
Added Class: Name=LED[0..3]
Added Class: Name=led
