Removed Member From Class: ClassName=MIC2 Member=C1
Removed Member From Class: ClassName=MIC2 Member=C2
Removed Member From Class: ClassName=MIC2 Member=C3
Removed Member From Class: ClassName=MIC2 Member=C4
Removed Member From Class: ClassName=MIC2 Member=C5
Removed Member From Class: ClassName=MIC2 Member=MK1
Removed Member From Class: ClassName=MIC2 Member=R1
Removed Member From Class: ClassName=MIC2 Member=R2
Change Component Designator: OldDesignator=C1 NewDesignator=C23
Change Component Designator: OldDesignator=C2 NewDesignator=C24
Change Component Designator: OldDesignator=C3 NewDesignator=C25
Change Component Designator: OldDesignator=C4 NewDesignator=C26
Change Component Designator: OldDesignator=C5 NewDesignator=C27
Change Component Designator: OldDesignator=MK1 NewDesignator=MK3
Change Component Designator: OldDesignator=R1 NewDesignator=R16
Change Component Designator: OldDesignator=R2 NewDesignator=R17
Change Net Name : Old Net Name=NetC2_1 New Net Name=NetC24_1
Change Net Name : Old Net Name=NetC3_2 New Net Name=NetC25_2
Change Net Name : Old Net Name=NetC4_2 New Net Name=NetC26_2
Added Pin To Net: NetName=NetC2_1 Pin=C2-1
Added Net: Name=NetC2_1
Added Pin To Net: NetName=NetC3_2 Pin=C3-2
Added Pin To Net: NetName=NetC3_2 Pin=MK1-2
Added Pin To Net: NetName=NetC3_2 Pin=R1-2
Added Net: Name=NetC3_2
Added Pin To Net: NetName=NetC4_2 Pin=C4-2
Added Pin To Net: NetName=NetC4_2 Pin=R2-1
Added Net: Name=NetC4_2
Added Member To Class: ClassName=MIC2 Member=Component C23 10uF
Added Member To Class: ClassName=MIC2 Member=Component C24 220uF
Added Member To Class: ClassName=MIC2 Member=Component C25 10uF
Added Member To Class: ClassName=MIC2 Member=Component C26 220uF
Added Member To Class: ClassName=MIC2 Member=Component C27 10uF
Added Member To Class: ClassName=MIC2 Member=Component MK3 Mic2
Added Member To Class: ClassName=MIC2 Member=Component R16 10KR
Added Member To Class: ClassName=MIC2 Member=Component R17 10R
Added Room: Name=MIC3
Added Room: Name=PICZone
Added Room: Name=PowerSupply
